<?xml version="1.0" encoding="UTF-8"?>
<testng-results ignored="0" total="2" passed="2" failed="0" skipped="0">
  <reporter-output>
  </reporter-output>
  <suite started-at="2024-04-20T05:39:00Z" name="Default suite" finished-at="2024-04-20T05:39:03Z" duration-ms="2794">
    <groups>
    </groups>
    <test started-at="2024-04-20T05:39:00Z" name="Default test" finished-at="2024-04-20T05:39:03Z" duration-ms="2794">
      <class name="TestNg.Actitime">
        <test-method signature="loginTestScript()[pri:1, instance:TestNg.Actitime@78d50a3c]" started-at="2024-04-20T05:39:00Z" name="loginTestScript" finished-at="2024-04-20T05:39:01Z" duration-ms="734" status="PASS">
          <reporter-output>
          </reporter-output>
        </test-method> <!-- loginTestScript -->
        <test-method signature="createuserTestScript()[pri:2, instance:TestNg.Actitime@78d50a3c]" started-at="2024-04-20T05:39:01Z" name="createuserTestScript" finished-at="2024-04-20T05:39:03Z" duration-ms="1994" status="PASS">
          <reporter-output>
          </reporter-output>
        </test-method> <!-- createuserTestScript -->
      </class> <!-- TestNg.Actitime -->
    </test> <!-- Default test -->
  </suite> <!-- Default suite -->
</testng-results>
